This file contains any messages produced by compilers while
running configure, to aid debugging if configure makes a mistake.

It was created by chan_dongle configure 1.1, which was
generated by GNU Autoconf 2.69.  Invocation command line was

  $ ./configure --with-astversion=14.2.1

## --------- ##
## Platform. ##
## --------- ##

hostname = develop1
uname -m = x86_64
uname -r = 4.4.0-31-generic
uname -s = Linux
uname -v = #50~14.04.1-Ubuntu SMP Wed Jul 13 01:07:32 UTC 2016

/usr/bin/uname -p = unknown
/bin/uname -X     = unknown

/bin/arch              = unknown
/usr/bin/arch -k       = unknown
/usr/convex/getsysinfo = unknown
/usr/bin/hostinfo      = unknown
/bin/machine           = unknown
/usr/bin/oslevel       = unknown
/bin/universe          = unknown

PATH: /usr/local/sbin
PATH: /usr/local/bin
PATH: /usr/sbin
PATH: /usr/bin
PATH: /sbin
PATH: /bin


## ----------- ##
## Core tests. ##
## ----------- ##

configure:2324: checking build system type
configure:2338: result: x86_64-unknown-linux-gnu
configure:2358: checking host system type
configure:2371: result: x86_64-unknown-linux-gnu
configure:2391: checking target system type
configure:2404: result: x86_64-unknown-linux-gnu
configure:2446: checking for a BSD-compatible install
configure:2514: result: /usr/bin/install -c
configure:2525: checking whether build environment is sane
configure:2580: result: yes
configure:2731: checking for a thread-safe mkdir -p
configure:2770: result: /bin/mkdir -p
configure:2777: checking for gawk
configure:2793: found /usr/bin/gawk
configure:2804: result: gawk
configure:2815: checking whether make sets $(MAKE)
configure:2837: result: yes
configure:2866: checking whether make supports nested variables
configure:2883: result: yes
configure:3128: checking for gcc
configure:3144: found /usr/bin/gcc
configure:3155: result: gcc
configure:3186: checking for C compiler version
configure:3195: gcc --version >&5
gcc (Ubuntu 4.8.4-2ubuntu1~14.04.3) 4.8.4
Copyright (C) 2013 Free Software Foundation, Inc.
This is free software; see the source for copying conditions.  There is NO
warranty; not even for MERCHANTABILITY or FITNESS FOR A PARTICULAR PURPOSE.

configure:3206: $? = 0
configure:3195: gcc -v >&5
Using built-in specs.
COLLECT_GCC=gcc
COLLECT_LTO_WRAPPER=/usr/lib/gcc/x86_64-linux-gnu/4.8/lto-wrapper
Target: x86_64-linux-gnu
Configured with: ../src/configure -v --with-pkgversion='Ubuntu 4.8.4-2ubuntu1~14.04.3' --with-bugurl=file:///usr/share/doc/gcc-4.8/README.Bugs --enable-languages=c,c++,java,go,d,fortran,objc,obj-c++ --prefix=/usr --program-suffix=-4.8 --enable-shared --enable-linker-build-id --libexecdir=/usr/lib --without-included-gettext --enable-threads=posix --with-gxx-include-dir=/usr/include/c++/4.8 --libdir=/usr/lib --enable-nls --with-sysroot=/ --enable-clocale=gnu --enable-libstdcxx-debug --enable-libstdcxx-time=yes --enable-gnu-unique-object --disable-libmudflap --enable-plugin --with-system-zlib --disable-browser-plugin --enable-java-awt=gtk --enable-gtk-cairo --with-java-home=/usr/lib/jvm/java-1.5.0-gcj-4.8-amd64/jre --enable-java-home --with-jvm-root-dir=/usr/lib/jvm/java-1.5.0-gcj-4.8-amd64 --with-jvm-jar-dir=/usr/lib/jvm-exports/java-1.5.0-gcj-4.8-amd64 --with-arch-directory=amd64 --with-ecj-jar=/usr/share/java/eclipse-ecj.jar --enable-objc-gc --enable-multiarch --disable-werror --with-arch-32=i686 --with-abi=m64 --with-multilib-list=m32,m64,mx32 --with-tune=generic --enable-checking=release --build=x86_64-linux-gnu --host=x86_64-linux-gnu --target=x86_64-linux-gnu
Thread model: posix
gcc version 4.8.4 (Ubuntu 4.8.4-2ubuntu1~14.04.3) 
configure:3206: $? = 0
configure:3195: gcc -V >&5
gcc: error: unrecognized command line option '-V'
gcc: fatal error: no input files
compilation terminated.
configure:3206: $? = 4
configure:3195: gcc -qversion >&5
gcc: error: unrecognized command line option '-qversion'
gcc: fatal error: no input files
compilation terminated.
configure:3206: $? = 4
configure:3226: checking whether the C compiler works
configure:3248: gcc   -D_GNU_SOURCE  conftest.c  >&5
configure:3252: $? = 0
configure:3300: result: yes
configure:3303: checking for C compiler default output file name
configure:3305: result: a.out
configure:3311: checking for suffix of executables
configure:3318: gcc -o conftest   -D_GNU_SOURCE  conftest.c  >&5
configure:3322: $? = 0
configure:3344: result: 
configure:3366: checking whether we are cross compiling
configure:3374: gcc -o conftest   -D_GNU_SOURCE  conftest.c  >&5
configure:3378: $? = 0
configure:3385: ./conftest
configure:3389: $? = 0
configure:3404: result: no
configure:3409: checking for suffix of object files
configure:3431: gcc -c   -D_GNU_SOURCE conftest.c >&5
configure:3435: $? = 0
configure:3456: result: o
configure:3460: checking whether we are using the GNU C compiler
configure:3479: gcc -c   -D_GNU_SOURCE conftest.c >&5
configure:3479: $? = 0
configure:3488: result: yes
configure:3497: checking whether gcc accepts -g
configure:3517: gcc -c -g  -D_GNU_SOURCE conftest.c >&5
configure:3517: $? = 0
configure:3558: result: yes
configure:3575: checking for gcc option to accept ISO C89
configure:3638: gcc  -c -g -O2  -D_GNU_SOURCE conftest.c >&5
configure:3638: $? = 0
configure:3651: result: none needed
configure:3676: checking whether gcc understands -c and -o together
configure:3698: gcc -c conftest.c -o conftest2.o
configure:3701: $? = 0
configure:3698: gcc -c conftest.c -o conftest2.o
configure:3701: $? = 0
configure:3713: result: yes
configure:3741: checking for style of include used by make
configure:3769: result: GNU
configure:3795: checking dependency style of gcc
configure:3906: result: none
configure:3926: checking how to run the C preprocessor
configure:3957: gcc -E  -D_GNU_SOURCE conftest.c
configure:3957: $? = 0
configure:3971: gcc -E  -D_GNU_SOURCE conftest.c
conftest.c:12:28: fatal error: ac_nonexistent.h: No such file or directory
 #include <ac_nonexistent.h>
                            ^
compilation terminated.
configure:3971: $? = 1
configure: failed program was:
| /* confdefs.h */
| #define PACKAGE_NAME "chan_dongle"
| #define PACKAGE_TARNAME "chan_dongle"
| #define PACKAGE_VERSION "1.1"
| #define PACKAGE_STRING "chan_dongle 1.1"
| #define PACKAGE_BUGREPORT "https://github.com/bg111/asterisk-chan-dongle/issues"
| #define PACKAGE_URL "https://github.com/bg111/asterisk-chan-dongle/"
| #define PACKAGE "chan_dongle"
| #define VERSION "1.1"
| #define ASTERISK_VERSION_NUM 140201
| /* end confdefs.h.  */
| #include <ac_nonexistent.h>
configure:3996: result: gcc -E
configure:4016: gcc -E  -D_GNU_SOURCE conftest.c
configure:4016: $? = 0
configure:4030: gcc -E  -D_GNU_SOURCE conftest.c
conftest.c:12:28: fatal error: ac_nonexistent.h: No such file or directory
 #include <ac_nonexistent.h>
                            ^
compilation terminated.
configure:4030: $? = 1
configure: failed program was:
| /* confdefs.h */
| #define PACKAGE_NAME "chan_dongle"
| #define PACKAGE_TARNAME "chan_dongle"
| #define PACKAGE_VERSION "1.1"
| #define PACKAGE_STRING "chan_dongle 1.1"
| #define PACKAGE_BUGREPORT "https://github.com/bg111/asterisk-chan-dongle/issues"
| #define PACKAGE_URL "https://github.com/bg111/asterisk-chan-dongle/"
| #define PACKAGE "chan_dongle"
| #define VERSION "1.1"
| #define ASTERISK_VERSION_NUM 140201
| /* end confdefs.h.  */
| #include <ac_nonexistent.h>
configure:4062: checking for strip
configure:4078: found /usr/bin/strip
configure:4089: result: strip
configure:4102: checking for rm
configure:4118: found /bin/rm
configure:4129: result: rm
configure:4142: checking for library containing iconv
configure:4173: gcc -o conftest -g -O2  -D_GNU_SOURCE  conftest.c  >&5
configure:4173: $? = 0
configure:4190: result: none required
configure:4200: checking for grep that handles long lines and -e
configure:4258: result: /bin/grep
configure:4263: checking for egrep
configure:4325: result: /bin/grep -E
configure:4330: checking for ANSI C header files
configure:4350: gcc -c -g -O2  -D_GNU_SOURCE conftest.c >&5
configure:4350: $? = 0
configure:4423: gcc -o conftest -g -O2  -D_GNU_SOURCE  conftest.c  >&5
configure:4423: $? = 0
configure:4423: ./conftest
configure:4423: $? = 0
configure:4434: result: yes
configure:4447: checking for sys/types.h
configure:4447: gcc -c -g -O2  -D_GNU_SOURCE conftest.c >&5
configure:4447: $? = 0
configure:4447: result: yes
configure:4447: checking for sys/stat.h
configure:4447: gcc -c -g -O2  -D_GNU_SOURCE conftest.c >&5
configure:4447: $? = 0
configure:4447: result: yes
configure:4447: checking for stdlib.h
configure:4447: gcc -c -g -O2  -D_GNU_SOURCE conftest.c >&5
configure:4447: $? = 0
configure:4447: result: yes
configure:4447: checking for string.h
configure:4447: gcc -c -g -O2  -D_GNU_SOURCE conftest.c >&5
configure:4447: $? = 0
configure:4447: result: yes
configure:4447: checking for memory.h
configure:4447: gcc -c -g -O2  -D_GNU_SOURCE conftest.c >&5
configure:4447: $? = 0
configure:4447: result: yes
configure:4447: checking for strings.h
configure:4447: gcc -c -g -O2  -D_GNU_SOURCE conftest.c >&5
configure:4447: $? = 0
configure:4447: result: yes
configure:4447: checking for inttypes.h
configure:4447: gcc -c -g -O2  -D_GNU_SOURCE conftest.c >&5
configure:4447: $? = 0
configure:4447: result: yes
configure:4447: checking for stdint.h
configure:4447: gcc -c -g -O2  -D_GNU_SOURCE conftest.c >&5
configure:4447: $? = 0
configure:4447: result: yes
configure:4447: checking for unistd.h
configure:4447: gcc -c -g -O2  -D_GNU_SOURCE conftest.c >&5
configure:4447: $? = 0
configure:4447: result: yes
configure:4462: checking fcntl.h usability
configure:4462: gcc -c -g -O2  -D_GNU_SOURCE conftest.c >&5
configure:4462: $? = 0
configure:4462: result: yes
configure:4462: checking fcntl.h presence
configure:4462: gcc -E  -D_GNU_SOURCE conftest.c
configure:4462: $? = 0
configure:4462: result: yes
configure:4462: checking for fcntl.h
configure:4462: result: yes
configure:4462: checking for stdlib.h
configure:4462: result: yes
configure:4462: checking for string.h
configure:4462: result: yes
configure:4462: checking sys/time.h usability
configure:4462: gcc -c -g -O2  -D_GNU_SOURCE conftest.c >&5
configure:4462: $? = 0
configure:4462: result: yes
configure:4462: checking sys/time.h presence
configure:4462: gcc -E  -D_GNU_SOURCE conftest.c
configure:4462: $? = 0
configure:4462: result: yes
configure:4462: checking for sys/time.h
configure:4462: result: yes
configure:4462: checking termios.h usability
configure:4462: gcc -c -g -O2  -D_GNU_SOURCE conftest.c >&5
configure:4462: $? = 0
configure:4462: result: yes
configure:4462: checking termios.h presence
configure:4462: gcc -E  -D_GNU_SOURCE conftest.c
configure:4462: $? = 0
configure:4462: result: yes
configure:4462: checking for termios.h
configure:4462: result: yes
configure:4477: checking whether asterisk.h in ../include
configure:4493: result: no
configure:4477: checking whether asterisk.h in /usr/include
configure:4482: result: yes
configure:4485: checking asterisk.h usability
configure:4485: gcc -c -g -O2  -D_GNU_SOURCE -I/usr/include conftest.c >&5
In file included from conftest.c:60:0:
/usr/include/asterisk.h:300:2: error: #error "Externally compiled modules must declare AST_MODULE_SELF_SYM."
 #error "Externally compiled modules must declare AST_MODULE_SELF_SYM."
  ^
configure:4485: $? = 1
configure: failed program was:
| /* confdefs.h */
| #define PACKAGE_NAME "chan_dongle"
| #define PACKAGE_TARNAME "chan_dongle"
| #define PACKAGE_VERSION "1.1"
| #define PACKAGE_STRING "chan_dongle 1.1"
| #define PACKAGE_BUGREPORT "https://github.com/bg111/asterisk-chan-dongle/issues"
| #define PACKAGE_URL "https://github.com/bg111/asterisk-chan-dongle/"
| #define PACKAGE "chan_dongle"
| #define VERSION "1.1"
| #define ASTERISK_VERSION_NUM 140201
| #define STDC_HEADERS 1
| #define HAVE_SYS_TYPES_H 1
| #define HAVE_SYS_STAT_H 1
| #define HAVE_STDLIB_H 1
| #define HAVE_STRING_H 1
| #define HAVE_MEMORY_H 1
| #define HAVE_STRINGS_H 1
| #define HAVE_INTTYPES_H 1
| #define HAVE_STDINT_H 1
| #define HAVE_UNISTD_H 1
| #define HAVE_FCNTL_H 1
| #define HAVE_STDLIB_H 1
| #define HAVE_STRING_H 1
| #define HAVE_SYS_TIME_H 1
| #define HAVE_TERMIOS_H 1
| /* end confdefs.h.  */
| #include <stdio.h>
| #ifdef HAVE_SYS_TYPES_H
| # include <sys/types.h>
| #endif
| #ifdef HAVE_SYS_STAT_H
| # include <sys/stat.h>
| #endif
| #ifdef STDC_HEADERS
| # include <stdlib.h>
| # include <stddef.h>
| #else
| # ifdef HAVE_STDLIB_H
| #  include <stdlib.h>
| # endif
| #endif
| #ifdef HAVE_STRING_H
| # if !defined STDC_HEADERS && defined HAVE_MEMORY_H
| #  include <memory.h>
| # endif
| # include <string.h>
| #endif
| #ifdef HAVE_STRINGS_H
| # include <strings.h>
| #endif
| #ifdef HAVE_INTTYPES_H
| # include <inttypes.h>
| #endif
| #ifdef HAVE_STDINT_H
| # include <stdint.h>
| #endif
| #ifdef HAVE_UNISTD_H
| # include <unistd.h>
| #endif
| #include <asterisk.h>
configure:4485: result: no
configure:4485: checking asterisk.h presence
configure:4485: gcc -E  -D_GNU_SOURCE -I/usr/include conftest.c
In file included from conftest.c:27:0:
/usr/include/asterisk.h:300:2: error: #error "Externally compiled modules must declare AST_MODULE_SELF_SYM."
 #error "Externally compiled modules must declare AST_MODULE_SELF_SYM."
  ^
configure:4485: $? = 1
configure: failed program was:
| /* confdefs.h */
| #define PACKAGE_NAME "chan_dongle"
| #define PACKAGE_TARNAME "chan_dongle"
| #define PACKAGE_VERSION "1.1"
| #define PACKAGE_STRING "chan_dongle 1.1"
| #define PACKAGE_BUGREPORT "https://github.com/bg111/asterisk-chan-dongle/issues"
| #define PACKAGE_URL "https://github.com/bg111/asterisk-chan-dongle/"
| #define PACKAGE "chan_dongle"
| #define VERSION "1.1"
| #define ASTERISK_VERSION_NUM 140201
| #define STDC_HEADERS 1
| #define HAVE_SYS_TYPES_H 1
| #define HAVE_SYS_STAT_H 1
| #define HAVE_STDLIB_H 1
| #define HAVE_STRING_H 1
| #define HAVE_MEMORY_H 1
| #define HAVE_STRINGS_H 1
| #define HAVE_INTTYPES_H 1
| #define HAVE_STDINT_H 1
| #define HAVE_UNISTD_H 1
| #define HAVE_FCNTL_H 1
| #define HAVE_STDLIB_H 1
| #define HAVE_STRING_H 1
| #define HAVE_SYS_TIME_H 1
| #define HAVE_TERMIOS_H 1
| /* end confdefs.h.  */
| #include <asterisk.h>
configure:4485: result: no
configure:4485: checking for asterisk.h
configure:4485: result: no
configure:4505: checking whether iconv.h in /usr/include
configure:4510: result: yes
configure:4513: checking iconv.h usability
configure:4513: gcc -c -g -O2  -D_GNU_SOURCE -I/usr/include -I/usr/include conftest.c >&5
configure:4513: $? = 0
configure:4513: result: yes
configure:4513: checking iconv.h presence
configure:4513: gcc -E  -D_GNU_SOURCE -I/usr/include -I/usr/include conftest.c
configure:4513: $? = 0
configure:4513: result: yes
configure:4513: checking for iconv.h
configure:4513: result: yes
configure:4534: checking for iconv use const inbuf
configure:4550: result: no
configure:4557: checking for iconv_t in iconv.h
configure:4569: result: yes
configure:4585: checking for AST_CONTROL_SRCCHANGE in asterisk/frame.h
configure:4598: result: yes
configure:4611: checking for an ANSI C-conforming const
configure:4677: gcc -c -g -O2  -D_GNU_SOURCE -I/usr/include -I/usr/include conftest.c >&5
configure:4677: $? = 0
configure:4684: result: yes
configure:4692: checking for inline
configure:4708: gcc -c -g -O2  -D_GNU_SOURCE -I/usr/include -I/usr/include conftest.c >&5
configure:4708: $? = 0
configure:4716: result: inline
configure:4734: checking for size_t
configure:4734: gcc -c -g -O2  -D_GNU_SOURCE -I/usr/include -I/usr/include conftest.c >&5
configure:4734: $? = 0
configure:4734: gcc -c -g -O2  -D_GNU_SOURCE -I/usr/include -I/usr/include conftest.c >&5
conftest.c: In function 'main':
conftest.c:66:21: error: expected expression before ')' token
 if (sizeof ((size_t)))
                     ^
configure:4734: $? = 1
configure: failed program was:
| /* confdefs.h */
| #define PACKAGE_NAME "chan_dongle"
| #define PACKAGE_TARNAME "chan_dongle"
| #define PACKAGE_VERSION "1.1"
| #define PACKAGE_STRING "chan_dongle 1.1"
| #define PACKAGE_BUGREPORT "https://github.com/bg111/asterisk-chan-dongle/issues"
| #define PACKAGE_URL "https://github.com/bg111/asterisk-chan-dongle/"
| #define PACKAGE "chan_dongle"
| #define VERSION "1.1"
| #define ASTERISK_VERSION_NUM 140201
| #define STDC_HEADERS 1
| #define HAVE_SYS_TYPES_H 1
| #define HAVE_SYS_STAT_H 1
| #define HAVE_STDLIB_H 1
| #define HAVE_STRING_H 1
| #define HAVE_MEMORY_H 1
| #define HAVE_STRINGS_H 1
| #define HAVE_INTTYPES_H 1
| #define HAVE_STDINT_H 1
| #define HAVE_UNISTD_H 1
| #define HAVE_FCNTL_H 1
| #define HAVE_STDLIB_H 1
| #define HAVE_STRING_H 1
| #define HAVE_SYS_TIME_H 1
| #define HAVE_TERMIOS_H 1
| #define ICONV_CONST /**/
| #define ICONV_T iconv_t
| #define HAVE_AST_CONTROL_SRCCHANGE /**/
| /* end confdefs.h.  */
| #include <stdio.h>
| #ifdef HAVE_SYS_TYPES_H
| # include <sys/types.h>
| #endif
| #ifdef HAVE_SYS_STAT_H
| # include <sys/stat.h>
| #endif
| #ifdef STDC_HEADERS
| # include <stdlib.h>
| # include <stddef.h>
| #else
| # ifdef HAVE_STDLIB_H
| #  include <stdlib.h>
| # endif
| #endif
| #ifdef HAVE_STRING_H
| # if !defined STDC_HEADERS && defined HAVE_MEMORY_H
| #  include <memory.h>
| # endif
| # include <string.h>
| #endif
| #ifdef HAVE_STRINGS_H
| # include <strings.h>
| #endif
| #ifdef HAVE_INTTYPES_H
| # include <inttypes.h>
| #endif
| #ifdef HAVE_STDINT_H
| # include <stdint.h>
| #endif
| #ifdef HAVE_UNISTD_H
| # include <unistd.h>
| #endif
| int
| main ()
| {
| if (sizeof ((size_t)))
| 	    return 0;
|   ;
|   return 0;
| }
configure:4734: result: yes
configure:4745: checking for ssize_t
configure:4745: gcc -c -g -O2  -D_GNU_SOURCE -I/usr/include -I/usr/include conftest.c >&5
configure:4745: $? = 0
configure:4745: gcc -c -g -O2  -D_GNU_SOURCE -I/usr/include -I/usr/include conftest.c >&5
conftest.c: In function 'main':
conftest.c:66:22: error: expected expression before ')' token
 if (sizeof ((ssize_t)))
                      ^
configure:4745: $? = 1
configure: failed program was:
| /* confdefs.h */
| #define PACKAGE_NAME "chan_dongle"
| #define PACKAGE_TARNAME "chan_dongle"
| #define PACKAGE_VERSION "1.1"
| #define PACKAGE_STRING "chan_dongle 1.1"
| #define PACKAGE_BUGREPORT "https://github.com/bg111/asterisk-chan-dongle/issues"
| #define PACKAGE_URL "https://github.com/bg111/asterisk-chan-dongle/"
| #define PACKAGE "chan_dongle"
| #define VERSION "1.1"
| #define ASTERISK_VERSION_NUM 140201
| #define STDC_HEADERS 1
| #define HAVE_SYS_TYPES_H 1
| #define HAVE_SYS_STAT_H 1
| #define HAVE_STDLIB_H 1
| #define HAVE_STRING_H 1
| #define HAVE_MEMORY_H 1
| #define HAVE_STRINGS_H 1
| #define HAVE_INTTYPES_H 1
| #define HAVE_STDINT_H 1
| #define HAVE_UNISTD_H 1
| #define HAVE_FCNTL_H 1
| #define HAVE_STDLIB_H 1
| #define HAVE_STRING_H 1
| #define HAVE_SYS_TIME_H 1
| #define HAVE_TERMIOS_H 1
| #define ICONV_CONST /**/
| #define ICONV_T iconv_t
| #define HAVE_AST_CONTROL_SRCCHANGE /**/
| /* end confdefs.h.  */
| #include <stdio.h>
| #ifdef HAVE_SYS_TYPES_H
| # include <sys/types.h>
| #endif
| #ifdef HAVE_SYS_STAT_H
| # include <sys/stat.h>
| #endif
| #ifdef STDC_HEADERS
| # include <stdlib.h>
| # include <stddef.h>
| #else
| # ifdef HAVE_STDLIB_H
| #  include <stdlib.h>
| # endif
| #endif
| #ifdef HAVE_STRING_H
| # if !defined STDC_HEADERS && defined HAVE_MEMORY_H
| #  include <memory.h>
| # endif
| # include <string.h>
| #endif
| #ifdef HAVE_STRINGS_H
| # include <strings.h>
| #endif
| #ifdef HAVE_INTTYPES_H
| # include <inttypes.h>
| #endif
| #ifdef HAVE_STDINT_H
| # include <stdint.h>
| #endif
| #ifdef HAVE_UNISTD_H
| # include <unistd.h>
| #endif
| int
| main ()
| {
| if (sizeof ((ssize_t)))
| 	    return 0;
|   ;
|   return 0;
| }
configure:4745: result: yes
configure:4756: checking for uint64_t
configure:4756: gcc -c -g -O2  -D_GNU_SOURCE -I/usr/include -I/usr/include conftest.c >&5
configure:4756: $? = 0
configure:4756: result: yes
configure:4777: checking whether CC supports -fvisibility=hidden
configure:4790: gcc -c -fvisibility=hidden  -D_GNU_SOURCE -I/usr/include -I/usr/include conftest.c >&5
configure:4790: $? = 0
configure:4791: result: yes
configure:4808: checking whether CC supports -fPIC
configure:4821: gcc -c -fPIC  -D_GNU_SOURCE -I/usr/include -I/usr/include conftest.c >&5
configure:4821: $? = 0
configure:4822: result: yes
configure:4836: checking whether CC supports -Wall
configure:4849: gcc -c -Wall  -D_GNU_SOURCE -I/usr/include -I/usr/include conftest.c >&5
configure:4849: $? = 0
configure:4850: result: yes
configure:4864: checking whether CC supports -Wextra
configure:4877: gcc -c -Wextra  -D_GNU_SOURCE -I/usr/include -I/usr/include conftest.c >&5
configure:4877: $? = 0
configure:4878: result: yes
configure:4892: checking whether CC supports -MD -MT conftest.o -MF /dev/null -MP
configure:4905: gcc -c -MD -MT conftest.o -MF /dev/null -MP  -D_GNU_SOURCE -I/usr/include -I/usr/include conftest.c >&5
configure:4905: $? = 0
configure:4906: result: yes
configure:4923: checking whether DESTDIR is /usr/lib/asterisk/modules
configure:4926: result: yes
configure:4942: checking for working memcmp
configure:4985: gcc -o conftest -g -O2  -D_GNU_SOURCE -I/usr/include -I/usr/include  conftest.c  >&5
configure:4985: $? = 0
configure:4985: ./conftest
configure:4985: $? = 0
configure:4995: result: yes
configure:5007: checking for memchr
configure:5007: gcc -o conftest -g -O2  -D_GNU_SOURCE -I/usr/include -I/usr/include  conftest.c  >&5
conftest.c:53:6: warning: conflicting types for built-in function 'memchr' [enabled by default]
 char memchr ();
      ^
configure:5007: $? = 0
configure:5007: result: yes
configure:5007: checking for memmove
configure:5007: gcc -o conftest -g -O2  -D_GNU_SOURCE -I/usr/include -I/usr/include  conftest.c  >&5
conftest.c:54:6: warning: conflicting types for built-in function 'memmove' [enabled by default]
 char memmove ();
      ^
configure:5007: $? = 0
configure:5007: result: yes
configure:5007: checking for memset
configure:5007: gcc -o conftest -g -O2  -D_GNU_SOURCE -I/usr/include -I/usr/include  conftest.c  >&5
conftest.c:55:6: warning: conflicting types for built-in function 'memset' [enabled by default]
 char memset ();
      ^
configure:5007: $? = 0
configure:5007: result: yes
configure:5007: checking for memmem
configure:5007: gcc -o conftest -g -O2  -D_GNU_SOURCE -I/usr/include -I/usr/include  conftest.c  >&5
configure:5007: $? = 0
configure:5007: result: yes
configure:5007: checking for strcasecmp
configure:5007: gcc -o conftest -g -O2  -D_GNU_SOURCE -I/usr/include -I/usr/include  conftest.c  >&5
conftest.c:57:6: warning: conflicting types for built-in function 'strcasecmp' [enabled by default]
 char strcasecmp ();
      ^
configure:5007: $? = 0
configure:5007: result: yes
configure:5007: checking for strchr
configure:5007: gcc -o conftest -g -O2  -D_GNU_SOURCE -I/usr/include -I/usr/include  conftest.c  >&5
conftest.c:58:6: warning: conflicting types for built-in function 'strchr' [enabled by default]
 char strchr ();
      ^
configure:5007: $? = 0
configure:5007: result: yes
configure:5007: checking for strncasecmp
configure:5007: gcc -o conftest -g -O2  -D_GNU_SOURCE -I/usr/include -I/usr/include  conftest.c  >&5
conftest.c:59:6: warning: conflicting types for built-in function 'strncasecmp' [enabled by default]
 char strncasecmp ();
      ^
configure:5007: $? = 0
configure:5007: result: yes
configure:5007: checking for strtol
configure:5007: gcc -o conftest -g -O2  -D_GNU_SOURCE -I/usr/include -I/usr/include  conftest.c  >&5
configure:5007: $? = 0
configure:5007: result: yes
configure:5007: checking for realpath
configure:5007: gcc -o conftest -g -O2  -D_GNU_SOURCE -I/usr/include -I/usr/include  conftest.c  >&5
configure:5007: $? = 0
configure:5007: result: yes
configure:5206: checking that generated files are newer than configure
configure:5212: result: done
configure:5235: creating ./config.status

## ---------------------- ##
## Running config.status. ##
## ---------------------- ##

This file was extended by chan_dongle config.status 1.1, which was
generated by GNU Autoconf 2.69.  Invocation command line was

  CONFIG_FILES    = 
  CONFIG_HEADERS  = 
  CONFIG_LINKS    = 
  CONFIG_COMMANDS = 
  $ ./config.status 

on develop1

config.status:897: creating stamp-h
config.status:897: creating Makefile
config.status:897: creating config.h
config.status:1126: executing depfiles commands

## ---------------- ##
## Cache variables. ##
## ---------------- ##

ac_cv_build=x86_64-unknown-linux-gnu
ac_cv_c_compiler_gnu=yes
ac_cv_c_const=yes
ac_cv_c_inline=inline
ac_cv_c_uint64_t=yes
ac_cv_env_CC_set=
ac_cv_env_CC_value=
ac_cv_env_CFLAGS_set=
ac_cv_env_CFLAGS_value=
ac_cv_env_CPPFLAGS_set=
ac_cv_env_CPPFLAGS_value=
ac_cv_env_CPP_set=
ac_cv_env_CPP_value=
ac_cv_env_LDFLAGS_set=
ac_cv_env_LDFLAGS_value=
ac_cv_env_LIBS_set=
ac_cv_env_LIBS_value=
ac_cv_env_build_alias_set=
ac_cv_env_build_alias_value=
ac_cv_env_host_alias_set=
ac_cv_env_host_alias_value=
ac_cv_env_target_alias_set=
ac_cv_env_target_alias_value=
ac_cv_func_memchr=yes
ac_cv_func_memcmp_working=yes
ac_cv_func_memmem=yes
ac_cv_func_memmove=yes
ac_cv_func_memset=yes
ac_cv_func_realpath=yes
ac_cv_func_strcasecmp=yes
ac_cv_func_strchr=yes
ac_cv_func_strncasecmp=yes
ac_cv_func_strtol=yes
ac_cv_header_asterisk_h=no
ac_cv_header_fcntl_h=yes
ac_cv_header_iconv_h=yes
ac_cv_header_inttypes_h=yes
ac_cv_header_memory_h=yes
ac_cv_header_stdc=yes
ac_cv_header_stdint_h=yes
ac_cv_header_stdlib_h=yes
ac_cv_header_string_h=yes
ac_cv_header_strings_h=yes
ac_cv_header_sys_stat_h=yes
ac_cv_header_sys_time_h=yes
ac_cv_header_sys_types_h=yes
ac_cv_header_termios_h=yes
ac_cv_header_unistd_h=yes
ac_cv_host=x86_64-unknown-linux-gnu
ac_cv_objext=o
ac_cv_path_EGREP='/bin/grep -E'
ac_cv_path_GREP=/bin/grep
ac_cv_path_install='/usr/bin/install -c'
ac_cv_path_mkdir=/bin/mkdir
ac_cv_prog_AWK=gawk
ac_cv_prog_CPP='gcc -E'
ac_cv_prog_RM=rm
ac_cv_prog_STRIP=strip
ac_cv_prog_ac_ct_CC=gcc
ac_cv_prog_cc_c89=
ac_cv_prog_cc_g=yes
ac_cv_prog_make_make_set=yes
ac_cv_search_iconv='none required'
ac_cv_target=x86_64-unknown-linux-gnu
ac_cv_type_size_t=yes
ac_cv_type_ssize_t=yes
am_cv_CC_dependencies_compiler_type=none
am_cv_make_support_nested_variables=yes
am_cv_prog_cc_c_o=yes

## ----------------- ##
## Output variables. ##
## ----------------- ##

ACLOCAL='${SHELL} /usr/src/asterisk-chan-dongle/missing aclocal-1.14'
AC_CFLAGS=' -fvisibility=hidden -fPIC -Wall -Wextra -MD -MT $@ -MF .$(subst /,_,$@).d -MP'
AMDEPBACKSLASH='\'
AMDEP_FALSE='#'
AMDEP_TRUE=''
AMTAR='$${TAR-tar}'
AM_BACKSLASH='\'
AM_DEFAULT_V='$(AM_DEFAULT_VERBOSITY)'
AM_DEFAULT_VERBOSITY='1'
AM_V='$(V)'
AUTOCONF='${SHELL} /usr/src/asterisk-chan-dongle/missing autoconf'
AUTOHEADER='${SHELL} /usr/src/asterisk-chan-dongle/missing autoheader'
AUTOMAKE='${SHELL} /usr/src/asterisk-chan-dongle/missing automake-1.14'
AWK='gawk'
CC='gcc'
CCDEPMODE='depmode=none'
CFLAGS='-g -O2 -O6 -Wno-old-style-declaration'
CPP='gcc -E'
CPPFLAGS=' -D_GNU_SOURCE -I/usr/include -I/usr/include'
CYGPATH_W='echo'
DEFS='-DHAVE_CONFIG_H'
DEPDIR='.deps'
DESTDIR='/usr/lib/asterisk/modules'
ECHO_C=''
ECHO_N='-n'
ECHO_T=''
EGREP='/bin/grep -E'
EXEEXT=''
GREP='/bin/grep'
INSTALL_DATA='${INSTALL} -m 644'
INSTALL_PROGRAM='${INSTALL}'
INSTALL_SCRIPT='${INSTALL}'
INSTALL_STRIP_PROGRAM='$(install_sh) -c -s'
LDFLAGS=' '
LIBOBJS=''
LIBS=''
LTLIBOBJS=''
MAKEINFO='${SHELL} /usr/src/asterisk-chan-dongle/missing makeinfo'
MKDIR_P='/bin/mkdir -p'
OBJEXT='o'
PACKAGE='chan_dongle'
PACKAGE_BUGREPORT='https://github.com/bg111/asterisk-chan-dongle/issues'
PACKAGE_NAME='chan_dongle'
PACKAGE_REVISION='43gh=47cg'
PACKAGE_STRING='chan_dongle 1.1'
PACKAGE_TARNAME='chan_dongle'
PACKAGE_URL='https://github.com/bg111/asterisk-chan-dongle/'
PACKAGE_VERSION='1.1'
PATH_SEPARATOR=':'
RM='rm'
SET_MAKE=''
SHELL='/bin/bash'
SOLINK='-shared -Xlinker -x'
STRIP='strip'
TARGET='chan_dongle.so'
VERSION='1.1'
ac_ct_CC='gcc'
am__EXEEXT_FALSE=''
am__EXEEXT_TRUE='#'
am__fastdepCC_FALSE=''
am__fastdepCC_TRUE='#'
am__include='include'
am__isrc=''
am__leading_dot='.'
am__nodep='_no'
am__quote=''
am__tar='$${TAR-tar} chof - "$$tardir"'
am__untar='$${TAR-tar} xf -'
bindir='${exec_prefix}/bin'
build='x86_64-unknown-linux-gnu'
build_alias=''
build_cpu='x86_64'
build_os='linux-gnu'
build_vendor='unknown'
datadir='${datarootdir}'
datarootdir='${prefix}/share'
docdir='${datarootdir}/doc/${PACKAGE_TARNAME}'
dvidir='${docdir}'
exec_prefix='${prefix}'
host='x86_64-unknown-linux-gnu'
host_alias=''
host_cpu='x86_64'
host_os='linux-gnu'
host_vendor='unknown'
htmldir='${docdir}'
includedir='${prefix}/include'
infodir='${datarootdir}/info'
install_sh='${SHELL} /usr/src/asterisk-chan-dongle/install-sh'
libdir='${exec_prefix}/lib'
libexecdir='${exec_prefix}/libexec'
localedir='${datarootdir}/locale'
localstatedir='${prefix}/var'
mandir='${datarootdir}/man'
mkdir_p='$(MKDIR_P)'
oldincludedir='/usr/include'
pdfdir='${docdir}'
prefix='/usr/local'
program_transform_name='s,x,x,'
psdir='${docdir}'
sbindir='${exec_prefix}/sbin'
sharedstatedir='${prefix}/com'
sysconfdir='${prefix}/etc'
target='x86_64-unknown-linux-gnu'
target_alias=''
target_cpu='x86_64'
target_os='linux-gnu'
target_vendor='unknown'

## ----------- ##
## confdefs.h. ##
## ----------- ##

/* confdefs.h */
#define PACKAGE_NAME "chan_dongle"
#define PACKAGE_TARNAME "chan_dongle"
#define PACKAGE_VERSION "1.1"
#define PACKAGE_STRING "chan_dongle 1.1"
#define PACKAGE_BUGREPORT "https://github.com/bg111/asterisk-chan-dongle/issues"
#define PACKAGE_URL "https://github.com/bg111/asterisk-chan-dongle/"
#define PACKAGE "chan_dongle"
#define VERSION "1.1"
#define ASTERISK_VERSION_NUM 140201
#define STDC_HEADERS 1
#define HAVE_SYS_TYPES_H 1
#define HAVE_SYS_STAT_H 1
#define HAVE_STDLIB_H 1
#define HAVE_STRING_H 1
#define HAVE_MEMORY_H 1
#define HAVE_STRINGS_H 1
#define HAVE_INTTYPES_H 1
#define HAVE_STDINT_H 1
#define HAVE_UNISTD_H 1
#define HAVE_FCNTL_H 1
#define HAVE_STDLIB_H 1
#define HAVE_STRING_H 1
#define HAVE_SYS_TIME_H 1
#define HAVE_TERMIOS_H 1
#define ICONV_CONST /**/
#define ICONV_T iconv_t
#define HAVE_AST_CONTROL_SRCCHANGE /**/
#define HAVE_MEMCHR 1
#define HAVE_MEMMOVE 1
#define HAVE_MEMSET 1
#define HAVE_MEMMEM 1
#define HAVE_STRCASECMP 1
#define HAVE_STRCHR 1
#define HAVE_STRNCASECMP 1
#define HAVE_STRTOL 1
#define HAVE_REALPATH 1
#define BUILD_MANAGER 1
#define BUILD_APPLICATIONS 1
#define MODULE_BUGREPORT "https://github.com/bg111/asterisk-chan-dongle/issues"
#define MODULE_URL "https://github.com/bg111/asterisk-chan-dongle/"
#define MODULE_VERSION "1.1"
#define AST_MODULE "chan_dongle"
#define PACKAGE_REVISION "43gh=47cg"

configure: exit 0
